C51 COMPILER V9.53.0.0   INITDEVICE                                                        03/31/2017 20:39:49 PAGE 1   


C51 COMPILER V9.53.0.0, COMPILATION OF MODULE INITDEVICE
OBJECT MODULE PLACED IN .\src\InitDevice.OBJ
COMPILER INVOKED BY: c:\SiliconLabs\SimplicityStudio\v4\developer\toolchains\keil_8051\9.53\BIN\C51.exe C:\Users\Student
                    -\SimplicityStudio\v4_workspace\alu\src\InitDevice.c OMF2 SMALL DEBUG OBJECTEXTEND ROM(LARGE) WARNINGLEVEL(2) FLOATFUZZY(
                    -3) OPTIMIZE(8,SPEED) DEFINE(DEBUG=1) INTVECTOR(0X0000) INTPROMOTE INCDIR(C:/Users/Student/SimplicityStudio/v4_workspace/
                    -alu/inc;C:/SiliconLabs/SimplicityStudio/v4/developer/sdks/8051/v4.0.3//Device/shared/si8051base;C:/SiliconLabs/Simplicit
                    -yStudio/v4/developer/sdks/8051/v4.0.3//Device/EFM8BB3/inc) PRINT(.\src\InitDevice.lst) COND PAGEWIDTH(120) PAGELENGTH(65
                    -) OBJECT(.\src\InitDevice.OBJ)

line level    source

   1          //=========================================================
   2          // src/InitDevice.c: generated by Hardware Configurator
   3          //
   4          // This file will be regenerated when saving a document.
   5          // leave the sections inside the "$[...]" comment tags alone
   6          // or they will be overwritten!!
   7          //=========================================================
   8          
   9          // USER INCLUDES
  10          #include <SI_EFM8BB3_Register_Enums.h>
  11          #include "InitDevice.h"
  12          
  13          // USER PROTOTYPES
  14          // USER FUNCTIONS
  15          
  16          // $[Library Includes]
  17          // [Library Includes]$
  18          
  19          //==============================================================================
  20          // enter_DefaultMode_from_RESET
  21          //==============================================================================
  22          extern void enter_DefaultMode_from_RESET(void) {
  23   1              // $[Config Calls]
  24   1              // Save the SFRPAGE
  25   1              uint8_t SFRPAGE_save = SFRPAGE;
  26   1              WDT_0_enter_DefaultMode_from_RESET();
  27   1              PORTS_0_enter_DefaultMode_from_RESET();
  28   1              PORTS_1_enter_DefaultMode_from_RESET();
  29   1              PBCFG_0_enter_DefaultMode_from_RESET();
  30   1              // Restore the SFRPAGE
  31   1              SFRPAGE = SFRPAGE_save;
  32   1              // [Config Calls]$
  33   1      
  34   1      }
  35          
  36          extern void PORTS_0_enter_DefaultMode_from_RESET(void) {
  37   1              // $[P0 - Port 0 Pin Latch]
  38   1              // [P0 - Port 0 Pin Latch]$
  39   1      
  40   1              // $[P0MDOUT - Port 0 Output Mode]
  41   1              /***********************************************************************
  42   1               - P0.0 output is open-drain
  43   1               - P0.1 output is open-drain
  44   1               - P0.2 output is open-drain
  45   1               - P0.3 output is open-drain
  46   1               - P0.4 output is push-pull
  47   1               - P0.5 output is push-pull
  48   1               - P0.6 output is push-pull
  49   1               - P0.7 output is push-pull
  50   1               ***********************************************************************/
  51   1              P0MDOUT = P0MDOUT_B0__OPEN_DRAIN | P0MDOUT_B1__OPEN_DRAIN
C51 COMPILER V9.53.0.0   INITDEVICE                                                        03/31/2017 20:39:49 PAGE 2   

  52   1                              | P0MDOUT_B2__OPEN_DRAIN | P0MDOUT_B3__OPEN_DRAIN
  53   1                              | P0MDOUT_B4__PUSH_PULL | P0MDOUT_B5__PUSH_PULL
  54   1                              | P0MDOUT_B6__PUSH_PULL | P0MDOUT_B7__PUSH_PULL;
  55   1              // [P0MDOUT - Port 0 Output Mode]$
  56   1      
  57   1              // $[P0MDIN - Port 0 Input Mode]
  58   1              // [P0MDIN - Port 0 Input Mode]$
  59   1      
  60   1              // $[P0SKIP - Port 0 Skip]
  61   1              /***********************************************************************
  62   1               - P0.0 pin is not skipped by the crossbar
  63   1               - P0.1 pin is not skipped by the crossbar
  64   1               - P0.2 pin is not skipped by the crossbar
  65   1               - P0.3 pin is not skipped by the crossbar
  66   1               - P0.4 pin is skipped by the crossbar
  67   1               - P0.5 pin is skipped by the crossbar
  68   1               - P0.6 pin is skipped by the crossbar
  69   1               - P0.7 pin is skipped by the crossbar
  70   1               ***********************************************************************/
  71   1              P0SKIP = P0SKIP_B0__NOT_SKIPPED | P0SKIP_B1__NOT_SKIPPED
  72   1                              | P0SKIP_B2__NOT_SKIPPED | P0SKIP_B3__NOT_SKIPPED
  73   1                              | P0SKIP_B4__SKIPPED | P0SKIP_B5__SKIPPED | P0SKIP_B6__SKIPPED
  74   1                              | P0SKIP_B7__SKIPPED;
  75   1              // [P0SKIP - Port 0 Skip]$
  76   1      
  77   1              // $[P0MASK - Port 0 Mask]
  78   1              // [P0MASK - Port 0 Mask]$
  79   1      
  80   1              // $[P0MAT - Port 0 Match]
  81   1              // [P0MAT - Port 0 Match]$
  82   1      
  83   1      }
  84          
  85          extern void PORTS_1_enter_DefaultMode_from_RESET(void) {
  86   1              // $[P1 - Port 1 Pin Latch]
  87   1              // [P1 - Port 1 Pin Latch]$
  88   1      
  89   1              // $[P1MDOUT - Port 1 Output Mode]
  90   1              /***********************************************************************
  91   1               - P1.0 output is push-pull
  92   1               - P1.1 output is push-pull
  93   1               - P1.2 output is push-pull
  94   1               - P1.3 output is open-drain
  95   1               - P1.4 output is open-drain
  96   1               - P1.5 output is open-drain
  97   1               - P1.6 output is open-drain
  98   1               - P1.7 output is open-drain
  99   1               ***********************************************************************/
 100   1              P1MDOUT = P1MDOUT_B0__PUSH_PULL | P1MDOUT_B1__PUSH_PULL
 101   1                              | P1MDOUT_B2__PUSH_PULL | P1MDOUT_B3__OPEN_DRAIN
 102   1                              | P1MDOUT_B4__OPEN_DRAIN | P1MDOUT_B5__OPEN_DRAIN
 103   1                              | P1MDOUT_B6__OPEN_DRAIN | P1MDOUT_B7__OPEN_DRAIN;
 104   1              // [P1MDOUT - Port 1 Output Mode]$
 105   1      
 106   1              // $[P1MDIN - Port 1 Input Mode]
 107   1              // [P1MDIN - Port 1 Input Mode]$
 108   1      
 109   1              // $[P1SKIP - Port 1 Skip]
 110   1              /***********************************************************************
 111   1               - P1.0 pin is skipped by the crossbar
 112   1               - P1.1 pin is skipped by the crossbar
 113   1               - P1.2 pin is skipped by the crossbar
 114   1               - P1.3 pin is not skipped by the crossbar
C51 COMPILER V9.53.0.0   INITDEVICE                                                        03/31/2017 20:39:49 PAGE 3   

 115   1               - P1.4 pin is not skipped by the crossbar
 116   1               - P1.5 pin is not skipped by the crossbar
 117   1               - P1.6 pin is not skipped by the crossbar
 118   1               - P1.7 pin is not skipped by the crossbar
 119   1               ***********************************************************************/
 120   1              P1SKIP = P1SKIP_B0__SKIPPED | P1SKIP_B1__SKIPPED | P1SKIP_B2__SKIPPED
 121   1                              | P1SKIP_B3__NOT_SKIPPED | P1SKIP_B4__NOT_SKIPPED
 122   1                              | P1SKIP_B5__NOT_SKIPPED | P1SKIP_B6__NOT_SKIPPED
 123   1                              | P1SKIP_B7__NOT_SKIPPED;
 124   1              // [P1SKIP - Port 1 Skip]$
 125   1      
 126   1              // $[P1MASK - Port 1 Mask]
 127   1              // [P1MASK - Port 1 Mask]$
 128   1      
 129   1              // $[P1MAT - Port 1 Match]
 130   1              // [P1MAT - Port 1 Match]$
 131   1      
 132   1      }
 133          
 134          extern void PBCFG_0_enter_DefaultMode_from_RESET(void) {
 135   1              // $[XBR2 - Port I/O Crossbar 2]
 136   1              /***********************************************************************
 137   1               - Weak Pullups enabled 
 138   1               - Crossbar enabled
 139   1               - UART1 I/O unavailable at Port pin
 140   1               - UART1 RTS1 unavailable at Port pin
 141   1               - UART1 CTS1 unavailable at Port pin
 142   1               ***********************************************************************/
 143   1              XBR2 = XBR2_WEAKPUD__PULL_UPS_ENABLED | XBR2_XBARE__ENABLED
 144   1                              | XBR2_URT1E__DISABLED | XBR2_URT1RTSE__DISABLED
 145   1                              | XBR2_URT1CTSE__DISABLED;
 146   1              // [XBR2 - Port I/O Crossbar 2]$
 147   1      
 148   1              // $[PRTDRV - Port Drive Strength]
 149   1              // [PRTDRV - Port Drive Strength]$
 150   1      
 151   1              // $[XBR0 - Port I/O Crossbar 0]
 152   1              // [XBR0 - Port I/O Crossbar 0]$
 153   1      
 154   1              // $[XBR1 - Port I/O Crossbar 1]
 155   1              // [XBR1 - Port I/O Crossbar 1]$
 156   1      
 157   1      }
 158          
 159          extern void WDT_0_enter_DefaultMode_from_RESET(void) {
 160   1              // $[WDTCN - Watchdog Timer Control]
 161   1              SFRPAGE = 0x00;
 162   1              //Disable Watchdog with key sequence
 163   1              WDTCN = 0xDE; //First key
 164   1              WDTCN = 0xAD; //Second key
 165   1              // [WDTCN - Watchdog Timer Control]$
 166   1      
 167   1      }
 168          


MODULE INFORMATION:   STATIC OVERLAYABLE
   CODE SIZE        =     47    ----
   CONSTANT SIZE    =   ----    ----
   XDATA SIZE       =   ----    ----
   PDATA SIZE       =   ----    ----
   DATA SIZE        =   ----       1
   IDATA SIZE       =   ----    ----
C51 COMPILER V9.53.0.0   INITDEVICE                                                        03/31/2017 20:39:49 PAGE 4   

   BIT SIZE         =   ----    ----
   EDATA SIZE       =   ----    ----
   HDATA SIZE       =   ----    ----
   XDATA CONST SIZE =   ----    ----
   FAR CONST SIZE   =   ----    ----
END OF MODULE INFORMATION.


C51 COMPILATION COMPLETE.  0 WARNING(S),  0 ERROR(S)
